<?xml version="1.0" encoding="UTF-8"?>
<!-- Generated by org.testng.reporters.JUnitReportReporter -->
<testsuite hostname="NashTechs-MacBook-Pro.local" failures="0" tests="1" name="TestCases.BodyMassIndexTest" time="4.829" errors="0" timestamp="2020-08-22T10:53:02 ICT" skipped="0">
  <testcase classname="TestCases.BodyMassIndexTest" name="metricCalculator" time="4.829"/>
  <system-out/>
</testsuite> <!-- TestCases.BodyMassIndexTest -->
