<?xml version="1.0" encoding="UTF-8"?>
<!-- Generated by org.testng.reporters.JUnitReportReporter -->
<testsuite hostname="NashTechs-MacBook-Pro.local" failures="0" tests="2" name="TestCases.SampleTestSuite" time="0.002" errors="0" timestamp="2020-08-22T10:50:06 ICT" skipped="0">
  <testcase classname="TestCases.SampleTestSuite" name="tc03" time="0.000"/>
  <system-out/>
  <testcase classname="TestCases.SampleTestSuite" name="tc01" time="0.002"/>
  <system-out/>
</testsuite> <!-- TestCases.SampleTestSuite -->
